<?xml version="1.0" encoding="UTF-8" ?>
<testsuite tests="24" failures="0" name="cz.muni.fi.pv168.pv168project.app.StudentManagerTest" time="1.282" errors="0" skipped="0">
  <properties>
    <property name="java.runtime.name" value="Java(TM) SE Runtime Environment"/>
    <property name="sun.boot.library.path" value="C:\Program Files\Java\jdk1.8.0_92\jre\bin"/>
    <property name="java.vm.version" value="25.92-b14"/>
    <property name="java.vm.vendor" value="Oracle Corporation"/>
    <property name="java.vendor.url" value="http://java.oracle.com/"/>
    <property name="path.separator" value=";"/>
    <property name="guice.disable.misplaced.annotation.check" value="true"/>
    <property name="java.vm.name" value="Java HotSpot(TM) 64-Bit Server VM"/>
    <property name="file.encoding.pkg" value="sun.io"/>
    <property name="user.script" value=""/>
    <property name="user.country" value="US"/>
    <property name="sun.java.launcher" value="SUN_STANDARD"/>
    <property name="sun.os.patch.level" value=""/>
    <property name="java.vm.specification.name" value="Java Virtual Machine Specification"/>
    <property name="user.dir" value="C:\Users\tomf\Documents\NetBeansProjects\pv168app-master\pv168project"/>
    <property name="java.runtime.version" value="1.8.0_92-b14"/>
    <property name="java.awt.graphicsenv" value="sun.awt.Win32GraphicsEnvironment"/>
    <property name="java.endorsed.dirs" value="C:\Program Files\Java\jdk1.8.0_92\jre\lib\endorsed"/>
    <property name="os.arch" value="amd64"/>
    <property name="java.io.tmpdir" value="C:\Users\tomf\AppData\Local\Temp\"/>
    <property name="line.separator" value="
"/>
    <property name="java.vm.specification.vendor" value="Oracle Corporation"/>
    <property name="user.variant" value=""/>
    <property name="os.name" value="Windows 8"/>
    <property name="maven.ext.class.path" value="C:\Users\tomf\AppData\Roaming\NetBeans\8.0.2\maven-nblib\netbeans-eventspy.jar"/>
    <property name="classworlds.conf" value="C:\Program Files\NetBeans 8.0.2\java\maven\bin\m2.conf"/>
    <property name="sun.jnu.encoding" value="Cp1252"/>
    <property name="java.library.path" value="C:\Program Files\Java\jdk1.8.0_92\bin;C:\windows\Sun\Java\bin;C:\windows\system32;C:\windows;C:\ProgramData\Oracle\Java\javapath;C:\Program Files (x86)\Haskell\bin;C:\Program Files (x86)\Haskell Platform\2013.2.0.0\lib\extralibs\bin;C:\Program Files (x86)\Haskell Platform\2013.2.0.0\bin;C:\Program Files (x86)\Intel\iCLS Client\;C:\Program Files\Intel\iCLS Client\;C:\windows\system32;C:\windows;C:\windows\System32\Wbem;C:\windows\System32\WindowsPowerShell\v1.0\;C:\Program Files (x86)\Intel\OpenCL SDK\2.0\bin\x86;C:\Program Files (x86)\Intel\OpenCL SDK\2.0\bin\x64;C:\Program Files\Intel\Intel(R) Management Engine Components\DAL;C:\Program Files\Intel\Intel(R) Management Engine Components\IPT;C:\Program Files (x86)\Intel\Intel(R) Management Engine Components\DAL;C:\Program Files (x86)\Intel\Intel(R) Management Engine Components\IPT;C:\Program Files\Intel\WiFi\bin\;C:\Program Files\Common Files\Intel\WirelessCommon\;C:\Program Files\TortoiseSVN\bin;C:\Program Files (x86)\Haskell Platform\2013.2.0.0\mingw\bin;C:\Program Files (x86)\NVIDIA Corporation\PhysX\Common;C:\cygwin64\bin\;C:\Program Files\Microsoft SQL Server\120\Tools\Binn\;C:\Program Files\Microsoft SQL Server\Client SDK\ODBC\110\Tools\Binn\;C:\Program Files (x86)\Microsoft SQL Server\120\Tools\Binn\;C:\Program Files\Microsoft SQL Server\120\DTS\Binn\;C:\Program Files (x86)\Microsoft SQL Server\120\Tools\Binn\ManagementStudio\;C:\Program Files (x86)\Microsoft SQL Server\120\DTS\Binn\;C:\windows\system32\config\systemprofile\.dnx\bin;C:\Program Files\Microsoft DNX\Dnvm\;C:\Users\tomf\AppData\Roaming\cabal\bin;C:\texlive\2015\bin\win32;."/>
    <property name="java.specification.name" value="Java Platform API Specification"/>
    <property name="java.class.version" value="52.0"/>
    <property name="sun.management.compiler" value="HotSpot 64-Bit Tiered Compilers"/>
    <property name="os.version" value="6.2"/>
    <property name="user.home" value="C:\Users\tomf"/>
    <property name="user.timezone" value="Europe/Prague"/>
    <property name="java.awt.printerjob" value="sun.awt.windows.WPrinterJob"/>
    <property name="java.specification.version" value="1.8"/>
    <property name="file.encoding" value="UTF-8"/>
    <property name="user.name" value="tomf"/>
    <property name="java.class.path" value="C:\Program Files\NetBeans 8.0.2\java\maven\boot\plexus-classworlds-2.4.jar"/>
    <property name="java.vm.specification.version" value="1.8"/>
    <property name="sun.arch.data.model" value="64"/>
    <property name="java.home" value="C:\Program Files\Java\jdk1.8.0_92\jre"/>
    <property name="sun.java.command" value="org.codehaus.plexus.classworlds.launcher.Launcher -Dmaven.ext.class.path=C:\Users\tomf\AppData\Roaming\NetBeans\8.0.2\maven-nblib\netbeans-eventspy.jar -Dfile.encoding=UTF-8 clean install"/>
    <property name="java.specification.vendor" value="Oracle Corporation"/>
    <property name="user.language" value="en"/>
    <property name="awt.toolkit" value="sun.awt.windows.WToolkit"/>
    <property name="java.vm.info" value="mixed mode"/>
    <property name="java.version" value="1.8.0_92"/>
    <property name="java.ext.dirs" value="C:\Program Files\Java\jdk1.8.0_92\jre\lib\ext;C:\windows\Sun\Java\lib\ext"/>
    <property name="sun.boot.class.path" value="C:\Program Files\Java\jdk1.8.0_92\jre\lib\resources.jar;C:\Program Files\Java\jdk1.8.0_92\jre\lib\rt.jar;C:\Program Files\Java\jdk1.8.0_92\jre\lib\sunrsasign.jar;C:\Program Files\Java\jdk1.8.0_92\jre\lib\jsse.jar;C:\Program Files\Java\jdk1.8.0_92\jre\lib\jce.jar;C:\Program Files\Java\jdk1.8.0_92\jre\lib\charsets.jar;C:\Program Files\Java\jdk1.8.0_92\jre\lib\jfr.jar;C:\Program Files\Java\jdk1.8.0_92\jre\classes"/>
    <property name="java.vendor" value="Oracle Corporation"/>
    <property name="maven.home" value="C:\Program Files\NetBeans 8.0.2\java\maven"/>
    <property name="file.separator" value="\"/>
    <property name="java.vendor.url.bug" value="http://bugreport.sun.com/bugreport/"/>
    <property name="sun.cpu.endian" value="little"/>
    <property name="sun.io.unicode.encoding" value="UnicodeLittle"/>
    <property name="sun.desktop" value="windows"/>
    <property name="sun.cpu.isalist" value="amd64"/>
  </properties>
  <testcase classname="cz.muni.fi.pv168.pv168project.app.StudentManagerTest" name="findAllStudentsWithSqlExceptionThrown" time="0.165"/>
  <testcase classname="cz.muni.fi.pv168.pv168project.app.StudentManagerTest" name="deleteStudent" time="0.083"/>
  <testcase classname="cz.muni.fi.pv168.pv168project.app.StudentManagerTest" name="deleteStudentWithSqlExceptionThrown" time="0.054"/>
  <testcase classname="cz.muni.fi.pv168.pv168project.app.StudentManagerTest" name="updateStudentWithNullId" time="0.035"/>
  <testcase classname="cz.muni.fi.pv168.pv168project.app.StudentManagerTest" name="createStudentWithExistingId" time="0.033"/>
  <testcase classname="cz.muni.fi.pv168.pv168project.app.StudentManagerTest" name="updateNullStudent" time="0.027"/>
  <testcase classname="cz.muni.fi.pv168.pv168project.app.StudentManagerTest" name="createStudentWithSqlExceptionThrown" time="0.037"/>
  <testcase classname="cz.muni.fi.pv168.pv168project.app.StudentManagerTest" name="updateStudentRegion" time="0.049"/>
  <testcase classname="cz.muni.fi.pv168.pv168project.app.StudentManagerTest" name="updateStudentLevel" time="0.097"/>
  <testcase classname="cz.muni.fi.pv168.pv168project.app.StudentManagerTest" name="updateStudentPrice" time="0.059"/>
  <testcase classname="cz.muni.fi.pv168.pv168project.app.StudentManagerTest" name="findAllStudents" time="0.068"/>
  <testcase classname="cz.muni.fi.pv168.pv168project.app.StudentManagerTest" name="deleteNullStudent" time="0.03"/>
  <testcase classname="cz.muni.fi.pv168.pv168project.app.StudentManagerTest" name="deleteStudentWithNullId" time="0.037"/>
  <testcase classname="cz.muni.fi.pv168.pv168project.app.StudentManagerTest" name="updateStudentWithSqlExceptionThrown" time="0.048"/>
  <testcase classname="cz.muni.fi.pv168.pv168project.app.StudentManagerTest" name="createStudentWithNullRegion" time="0.03"/>
  <testcase classname="cz.muni.fi.pv168.pv168project.app.StudentManagerTest" name="createStudent" time="0.039"/>
  <testcase classname="cz.muni.fi.pv168.pv168project.app.StudentManagerTest" name="getStudentWithSqlExceptionThrown" time="0.039"/>
  <testcase classname="cz.muni.fi.pv168.pv168project.app.StudentManagerTest" name="createNullStudent" time="0.028"/>
  <testcase classname="cz.muni.fi.pv168.pv168project.app.StudentManagerTest" name="createStudentWithNullName" time="0.037"/>
  <testcase classname="cz.muni.fi.pv168.pv168project.app.StudentManagerTest" name="deleteStudentWithNonExistingId" time="0.117"/>
  <testcase classname="cz.muni.fi.pv168.pv168project.app.StudentManagerTest" name="updateStudentPriceToNegative" time="0.042"/>
  <testcase classname="cz.muni.fi.pv168.pv168project.app.StudentManagerTest" name="updateStudentName" time="0.049"/>
  <testcase classname="cz.muni.fi.pv168.pv168project.app.StudentManagerTest" name="createStudentWithNegativeLevel" time="0.029"/>
  <testcase classname="cz.muni.fi.pv168.pv168project.app.StudentManagerTest" name="createStudentWithNegativePrice" time="0.033"/>
</testsuite>