<?xml version="1.0" encoding="UTF-8" ?>
<testsuite tests="19" failures="0" name="cz.muni.fi.pv168.pv168project.app.LessonManagerTest" time="17.292" errors="0" skipped="0">
  <properties>
    <property name="java.runtime.name" value="Java(TM) SE Runtime Environment"/>
    <property name="sun.boot.library.path" value="C:\Program Files\Java\jdk1.8.0_45\jre\bin"/>
    <property name="java.vm.version" value="25.45-b02"/>
    <property name="java.vm.vendor" value="Oracle Corporation"/>
    <property name="java.vendor.url" value="http://java.oracle.com/"/>
    <property name="path.separator" value=";"/>
    <property name="guice.disable.misplaced.annotation.check" value="true"/>
    <property name="java.vm.name" value="Java HotSpot(TM) 64-Bit Server VM"/>
    <property name="file.encoding.pkg" value="sun.io"/>
    <property name="user.script" value=""/>
    <property name="user.country" value="CA"/>
    <property name="sun.java.launcher" value="SUN_STANDARD"/>
    <property name="sun.os.patch.level" value="Service Pack 1"/>
    <property name="java.vm.specification.name" value="Java Virtual Machine Specification"/>
    <property name="user.dir" value="C:\Users\L\Documents\pv168app\pv168project"/>
    <property name="java.runtime.version" value="1.8.0_45-b14"/>
    <property name="java.awt.graphicsenv" value="sun.awt.Win32GraphicsEnvironment"/>
    <property name="java.endorsed.dirs" value="C:\Program Files\Java\jdk1.8.0_45\jre\lib\endorsed"/>
    <property name="os.arch" value="amd64"/>
    <property name="java.io.tmpdir" value="C:\Users\L\AppData\Local\Temp\"/>
    <property name="line.separator" value="
"/>
    <property name="java.vm.specification.vendor" value="Oracle Corporation"/>
    <property name="user.variant" value=""/>
    <property name="os.name" value="Windows 7"/>
    <property name="maven.ext.class.path" value="C:\Program Files\NetBeans 8.0.2\java\maven-nblib\netbeans-eventspy.jar"/>
    <property name="classworlds.conf" value="C:\Program Files\NetBeans 8.0.2\java\maven\bin\m2.conf"/>
    <property name="sun.jnu.encoding" value="Cp1252"/>
    <property name="java.library.path" value="C:\Program Files\Java\jdk1.8.0_45\bin;C:\windows\Sun\Java\bin;C:\windows\system32;C:\windows;C:\ProgramData\Oracle\Java\javapath;C:\Program Files (x86)\Intel\iCLS Client\;C:\Program Files\Intel\iCLS Client\;C:\windows\system32;C:\windows;C:\windows\System32\Wbem;C:\windows\System32\WindowsPowerShell\v1.0\;C:\Program Files\Intel\Intel(R) Management Engine Components\DAL;C:\Program Files\Intel\Intel(R) Management Engine Components\IPT;C:\Program Files (x86)\Intel\Intel(R) Management Engine Components\DAL;C:\Program Files (x86)\Intel\Intel(R) Management Engine Components\IPT;C:\Program Files (x86)\Intel\OpenCL SDK\3.0\bin\x86;C:\Program Files (x86)\Intel\OpenCL SDK\3.0\bin\x64;C:\Program Files\Lenovo\Fingerprint Manager Pro\;C:\Program Files\Condusiv Technologies\ExpressCache\;C:\Program Files (x86)\Common Files\Lenovo;C:\SWTOOLS\ReadyApps;C:\Program Files (x86)\Lenovo\Access Connections\;C:\windows\system32\config\systemprofile\.dnx\bin;C:\Program Files\Microsoft DNX\Dnvm\;C:\Program Files\Intel\WiFi\bin\;C:\Program Files\Common Files\Intel\WirelessCommon\;C:\texlive\2015\bin\win32;C:\Program Files\Intel\WiFi\bin\;C:\Program Files\Common Files\Intel\WirelessCommon\;."/>
    <property name="java.specification.name" value="Java Platform API Specification"/>
    <property name="java.class.version" value="52.0"/>
    <property name="sun.management.compiler" value="HotSpot 64-Bit Tiered Compilers"/>
    <property name="os.version" value="6.1"/>
    <property name="user.home" value="C:\Users\L"/>
    <property name="user.timezone" value="Europe/Prague"/>
    <property name="java.awt.printerjob" value="sun.awt.windows.WPrinterJob"/>
    <property name="java.specification.version" value="1.8"/>
    <property name="file.encoding" value="UTF-8"/>
    <property name="user.name" value="L"/>
    <property name="java.class.path" value="C:\Program Files\NetBeans 8.0.2\java\maven\boot\plexus-classworlds-2.4.jar"/>
    <property name="java.vm.specification.version" value="1.8"/>
    <property name="sun.arch.data.model" value="64"/>
    <property name="java.home" value="C:\Program Files\Java\jdk1.8.0_45\jre"/>
    <property name="sun.java.command" value="org.codehaus.plexus.classworlds.launcher.Launcher -Dmaven.ext.class.path=C:\Program Files\NetBeans 8.0.2\java\maven-nblib\netbeans-eventspy.jar -Dfile.encoding=UTF-8 install"/>
    <property name="java.specification.vendor" value="Oracle Corporation"/>
    <property name="user.language" value="en"/>
    <property name="awt.toolkit" value="sun.awt.windows.WToolkit"/>
    <property name="java.vm.info" value="mixed mode"/>
    <property name="java.version" value="1.8.0_45"/>
    <property name="java.ext.dirs" value="C:\Program Files\Java\jdk1.8.0_45\jre\lib\ext;C:\windows\Sun\Java\lib\ext"/>
    <property name="sun.boot.class.path" value="C:\Program Files\Java\jdk1.8.0_45\jre\lib\resources.jar;C:\Program Files\Java\jdk1.8.0_45\jre\lib\rt.jar;C:\Program Files\Java\jdk1.8.0_45\jre\lib\sunrsasign.jar;C:\Program Files\Java\jdk1.8.0_45\jre\lib\jsse.jar;C:\Program Files\Java\jdk1.8.0_45\jre\lib\jce.jar;C:\Program Files\Java\jdk1.8.0_45\jre\lib\charsets.jar;C:\Program Files\Java\jdk1.8.0_45\jre\lib\jfr.jar;C:\Program Files\Java\jdk1.8.0_45\jre\classes"/>
    <property name="java.vendor" value="Oracle Corporation"/>
    <property name="maven.home" value="C:\Program Files\NetBeans 8.0.2\java\maven"/>
    <property name="file.separator" value="\"/>
    <property name="java.vendor.url.bug" value="http://bugreport.sun.com/bugreport/"/>
    <property name="sun.cpu.endian" value="little"/>
    <property name="sun.io.unicode.encoding" value="UnicodeLittle"/>
    <property name="sun.desktop" value="windows"/>
    <property name="sun.cpu.isalist" value="amd64"/>
  </properties>
  <testcase classname="cz.muni.fi.pv168.pv168project.app.LessonManagerTest" name="deleteLessonWithSqlExceptionThrown" time="14.348"/>
  <testcase classname="cz.muni.fi.pv168.pv168project.app.LessonManagerTest" name="findAllLessonsWithSqlExceptionThrown" time="0.001"/>
  <testcase classname="cz.muni.fi.pv168.pv168project.app.LessonManagerTest" name="createLessonWithSqlExceptionThrown" time="0.001"/>
  <testcase classname="cz.muni.fi.pv168.pv168project.app.LessonManagerTest" name="createLessonWithNegativePrice" time="0.007"/>
  <testcase classname="cz.muni.fi.pv168.pv168project.app.LessonManagerTest" name="createLessonWithNegativeSkill" time="0.116"/>
  <testcase classname="cz.muni.fi.pv168.pv168project.app.LessonManagerTest" name="makeMatchWithHighSkillStudent" time="0.068"/>
  <testcase classname="cz.muni.fi.pv168.pv168project.app.LessonManagerTest" name="makeMatchWithBadCountryStudent" time="0.106"/>
  <testcase classname="cz.muni.fi.pv168.pv168project.app.LessonManagerTest" name="updateLessonPrice" time="0.535"/>
  <testcase classname="cz.muni.fi.pv168.pv168project.app.LessonManagerTest" name="getLessonIdWithSqlExceptionThrown" time="0.057"/>
  <testcase classname="cz.muni.fi.pv168.pv168project.app.LessonManagerTest" name="getLessonStudentWithSqlExceptionThrown" time="0.074"/>
  <testcase classname="cz.muni.fi.pv168.pv168project.app.LessonManagerTest" name="makeMatchWithSqlExceptionThrown" time="0.077"/>
  <testcase classname="cz.muni.fi.pv168.pv168project.app.LessonManagerTest" name="matchForTeacherValid" time="0.097"/>
  <testcase classname="cz.muni.fi.pv168.pv168project.app.LessonManagerTest" name="matchForStudentValid" time="0.082"/>
  <testcase classname="cz.muni.fi.pv168.pv168project.app.LessonManagerTest" name="matchForStudentIsNull" time="0.062"/>
  <testcase classname="cz.muni.fi.pv168.pv168project.app.LessonManagerTest" name="createLesson" time="0.154"/>
  <testcase classname="cz.muni.fi.pv168.pv168project.app.LessonManagerTest" name="createLessonWithNullRegion" time="0.067"/>
  <testcase classname="cz.muni.fi.pv168.pv168project.app.LessonManagerTest" name="makeMatchWithLowPriceStudent" time="0.066"/>
  <testcase classname="cz.muni.fi.pv168.pv168project.app.LessonManagerTest" name="makeMatchValid" time="0.088"/>
  <testcase classname="cz.muni.fi.pv168.pv168project.app.LessonManagerTest" name="updateLessonRegion" time="0.085"/>
</testsuite>